{"C:\\Users\\Salah\\Documents\\ALM\\ALM\\sonar_github\\index.js": {"path":"C:\\Users\\Salah\\Documents\\ALM\\ALM\\sonar_github\\index.js","statementMap":{"0":{"start":{"line":2,"column":4},"end":{"line":2,"column":17}},"1":{"start":{"line":5,"column":4},"end":{"line":5,"column":17}},"2":{"start":{"line":10,"column":10},"end":{"line":44,"column":1}},"3":{"start":{"line":45,"column":10},"end":{"line":79,"column":1}},"4":{"start":{"line":82,"column":0},"end":{"line":82,"column":22}}},"fnMap":{"0":{"name":"sum","decl":{"start":{"line":1,"column":9},"end":{"line":1,"column":12}},"loc":{"start":{"line":1,"column":18},"end":{"line":3,"column":1}},"line":1},"1":{"name":"echo","decl":{"start":{"line":4,"column":9},"end":{"line":4,"column":13}},"loc":{"start":{"line":4,"column":20},"end":{"line":6,"column":1}},"line":4}},"branchMap":{},"s":{"0":1,"1":0,"2":1,"3":1,"4":1},"f":{"0":1,"1":0},"b":{},"_coverageSchema":"1a1c01bbd47fc00a2c39e90264f33305004495a9","hash":"e0d89be3107444cc520d7b4e7c04a059cbec4142"}
}
